{"uuid":"5eaf707f-6343-4b3a-a814-ff18524d4d23","historyId":"eede22108a46bd549a292d560a9d6f1","fullName":"com.RDCD_Coop.Create_Shomiti.Kagoj_Potradi","labels":[{"name":"package","value":"com.RDCD_Coop.Create_Shomiti"},{"name":"testClass","value":"com.RDCD_Coop.Create_Shomiti"},{"name":"testMethod","value":"Kagoj_Potradi"},{"name":"parentSuite","value":"All Test Suite"},{"name":"suite","value":"test"},{"name":"subSuite","value":"com.RDCD_Coop.Create_Shomiti"},{"name":"host","value":"DESKTOP-7IO8K5N"},{"name":"thread","value":"10908@DESKTOP-7IO8K5N.main(1)"},{"name":"framework","value":"testng"},{"name":"language","value":"java"}],"links":[],"name":"This is for shomiti create(kagoj potradi) scenario","status":"skipped","statusDetails":{"known":false,"muted":false,"flaky":false,"message":"Cannot run program \"F:\\RDCD_Automation\\Picture\\chalan.exe\": CreateProcess error=2, The system cannot find the file specified","trace":"java.io.IOException: Cannot run program \"F:\\RDCD_Automation\\Picture\\chalan.exe\": CreateProcess error=2, The system cannot find the file specified\r\n\tat java.lang.ProcessBuilder.start(ProcessBuilder.java:1048)\r\n\tat java.lang.Runtime.exec(Runtime.java:620)\r\n\tat java.lang.Runtime.exec(Runtime.java:450)\r\n\tat java.lang.Runtime.exec(Runtime.java:347)\r\n\tat com.BaseClass.BaseClass.UploadPicture(BaseClass.java:288)\r\n\tat com.RDCD_Coop.Create_Shomiti.Kagoj_Potradi(Create_Shomiti.java:830)\r\n\tat sun.reflect.NativeMethodAccessorImpl.invoke0(Native Method)\r\n\tat sun.reflect.NativeMethodAccessorImpl.invoke(NativeMethodAccessorImpl.java:62)\r\n\tat sun.reflect.DelegatingMethodAccessorImpl.invoke(DelegatingMethodAccessorImpl.java:43)\r\n\tat java.lang.reflect.Method.invoke(Method.java:498)\r\n\tat org.testng.internal.invokers.MethodInvocationHelper.invokeMethod(MethodInvocationHelper.java:135)\r\n\tat org.testng.internal.invokers.TestInvoker.invokeMethod(TestInvoker.java:673)\r\n\tat org.testng.internal.invokers.TestInvoker.invokeTestMethod(TestInvoker.java:220)\r\n\tat org.testng.internal.invokers.MethodRunner.runInSequence(MethodRunner.java:50)\r\n\tat org.testng.internal.invokers.TestInvoker$MethodInvocationAgent.invoke(TestInvoker.java:945)\r\n\tat org.testng.internal.invokers.TestInvoker.invokeTestMethods(TestInvoker.java:193)\r\n\tat org.testng.internal.invokers.TestMethodWorker.invokeTestMethods(TestMethodWorker.java:146)\r\n\tat org.testng.internal.invokers.TestMethodWorker.run(TestMethodWorker.java:128)\r\n\tat java.util.ArrayList.forEach(ArrayList.java:1257)\r\n\tat org.testng.TestRunner.privateRun(TestRunner.java:808)\r\n\tat org.testng.TestRunner.run(TestRunner.java:603)\r\n\tat org.testng.SuiteRunner.runTest(SuiteRunner.java:429)\r\n\tat org.testng.SuiteRunner.runSequentially(SuiteRunner.java:423)\r\n\tat org.testng.SuiteRunner.privateRun(SuiteRunner.java:383)\r\n\tat org.testng.SuiteRunner.run(SuiteRunner.java:326)\r\n\tat org.testng.SuiteRunnerWorker.runSuite(SuiteRunnerWorker.java:52)\r\n\tat org.testng.SuiteRunnerWorker.run(SuiteRunnerWorker.java:95)\r\n\tat org.testng.TestNG.runSuitesSequentially(TestNG.java:1249)\r\n\tat org.testng.TestNG.runSuitesLocally(TestNG.java:1169)\r\n\tat org.testng.TestNG.runSuites(TestNG.java:1092)\r\n\tat org.testng.TestNG.run(TestNG.java:1060)\r\n\tat com.intellij.rt.testng.IDEARemoteTestNG.run(IDEARemoteTestNG.java:66)\r\n\tat com.intellij.rt.testng.RemoteTestNGStarter.main(RemoteTestNGStarter.java:109)\r\nCaused by: java.io.IOException: CreateProcess error=2, The system cannot find the file specified\r\n\tat java.lang.ProcessImpl.create(Native Method)\r\n\tat java.lang.ProcessImpl.<init>(ProcessImpl.java:386)\r\n\tat java.lang.ProcessImpl.start(ProcessImpl.java:137)\r\n\tat java.lang.ProcessBuilder.start(ProcessBuilder.java:1029)\r\n\t... 32 more\r\n"},"stage":"finished","steps":[],"attachments":[],"parameters":[],"start":1662029754452,"stop":1662029780601}