<?xml version="1.0" encoding="UTF-8"?>
<testng-results skipped="0" failed="0" ignored="9" retried="2" total="16" passed="5">
  <reporter-output>
  </reporter-output>
  <suite name="All Test Suite" duration-ms="280346" started-at="2022-09-15T16:30:37 BDT" finished-at="2022-09-15T16:35:17 BDT">
    <groups>
    </groups>
    <test name="test" duration-ms="280346" started-at="2022-09-15T16:30:37 BDT" finished-at="2022-09-15T16:35:17 BDT">
      <class name="com.RDCD_Coop.Create_Central_Shomiti">
        <test-method status="PASS" signature="LaunchBrowser()[pri:0, instance:com.RDCD_Coop.Create_Central_Shomiti@35beb15e]" name="LaunchBrowser" is-config="true" duration-ms="83750" started-at="2022-09-15T16:30:38 BDT" finished-at="2022-09-15T16:32:01 BDT">
          <reporter-output>
          </reporter-output>
        </test-method> <!-- LaunchBrowser -->
        <test-method status="PASS" signature="Login()[pri:1, instance:com.RDCD_Coop.Create_Central_Shomiti@35beb15e]" name="Login" duration-ms="15831" started-at="2022-09-15T16:32:01 BDT" description="This is for login scenario" finished-at="2022-09-15T16:32:17 BDT">
          <reporter-output>
          </reporter-output>
        </test-method> <!-- Login -->
        <test-method status="SKIP" signature="NameClearance()[pri:2, instance:com.RDCD_Coop.Create_Central_Shomiti@35beb15e]" name="NameClearance" duration-ms="2811" retried="true" started-at="2022-09-15T16:32:17 BDT" description="This is for name clearance scenario" finished-at="2022-09-15T16:32:20 BDT">
          <exception class="org.openqa.selenium.ElementNotInteractableException">
            <message>
              <![CDATA[Element <span class="MuiTypography-root MuiTypography-body1 MuiListItemText-primary css-yb0lig"> could not be scrolled into view
Build info: version: '4.0.0', revision: '3a21814679'
System info: host: 'MUSTAFIZUR-RAHM', ip: '10.11.200.160', os.name: 'Windows 10', os.arch: 'amd64', os.version: '10.0', java.version: '1.8.0_171'
Driver info: org.openqa.selenium.firefox.FirefoxDriver
Command: [cfa7adef-a09b-450a-ae11-82fa65d7cf40, clickElement {id=22e168cf-271e-48c6-8224-c24a00cd8fc1}]
Capabilities {acceptInsecureCerts: true, browserName: firefox, browserVersion: 104.0.2, javascriptEnabled: true, moz:accessibilityChecks: false, moz:buildID: 20220902153754, moz:debuggerAddress: localhost:65184, moz:geckodriverVersion: 0.31.0, moz:headless: false, moz:platformVersion: 10.0, moz:processID: 15760, moz:profile: C:\Users\tariq\AppData\Loca..., moz:shutdownTimeout: 60000, moz:useNonSpecCompliantPointerOrigin: false, moz:webdriverClick: true, moz:windowless: false, pageLoadStrategy: normal, platform: WINDOWS, platformName: WINDOWS, proxy: Proxy(), se:cdp: ws://localhost:65184/devtoo..., se:cdpVersion: 85, setWindowRect: true, strictFileInteractability: false, timeouts: {implicit: 0, pageLoad: 300000, script: 30000}, unhandledPromptBehavior: dismiss and notify}
Element: [[FirefoxDriver: firefox on WINDOWS (cfa7adef-a09b-450a-ae11-82fa65d7cf40)] -> xpath: //span[text()='নেম ক্লিয়ারেন্স']]
Session ID: cfa7adef-a09b-450a-ae11-82fa65d7cf40]]>
            </message>
            <full-stacktrace>
              <![CDATA[org.openqa.selenium.ElementNotInteractableException: Element <span class="MuiTypography-root MuiTypography-body1 MuiListItemText-primary css-yb0lig"> could not be scrolled into view
Build info: version: '4.0.0', revision: '3a21814679'
System info: host: 'MUSTAFIZUR-RAHM', ip: '10.11.200.160', os.name: 'Windows 10', os.arch: 'amd64', os.version: '10.0', java.version: '1.8.0_171'
Driver info: org.openqa.selenium.firefox.FirefoxDriver
Command: [cfa7adef-a09b-450a-ae11-82fa65d7cf40, clickElement {id=22e168cf-271e-48c6-8224-c24a00cd8fc1}]
Capabilities {acceptInsecureCerts: true, browserName: firefox, browserVersion: 104.0.2, javascriptEnabled: true, moz:accessibilityChecks: false, moz:buildID: 20220902153754, moz:debuggerAddress: localhost:65184, moz:geckodriverVersion: 0.31.0, moz:headless: false, moz:platformVersion: 10.0, moz:processID: 15760, moz:profile: C:\Users\tariq\AppData\Loca..., moz:shutdownTimeout: 60000, moz:useNonSpecCompliantPointerOrigin: false, moz:webdriverClick: true, moz:windowless: false, pageLoadStrategy: normal, platform: WINDOWS, platformName: WINDOWS, proxy: Proxy(), se:cdp: ws://localhost:65184/devtoo..., se:cdpVersion: 85, setWindowRect: true, strictFileInteractability: false, timeouts: {implicit: 0, pageLoad: 300000, script: 30000}, unhandledPromptBehavior: dismiss and notify}
Element: [[FirefoxDriver: firefox on WINDOWS (cfa7adef-a09b-450a-ae11-82fa65d7cf40)] -> xpath: //span[text()='নেম ক্লিয়ারেন্স']]
Session ID: cfa7adef-a09b-450a-ae11-82fa65d7cf40
at sun.reflect.NativeConstructorAccessorImpl.newInstance0(Native Method)
at sun.reflect.NativeConstructorAccessorImpl.newInstance(NativeConstructorAccessorImpl.java:62)
at sun.reflect.DelegatingConstructorAccessorImpl.newInstance(DelegatingConstructorAccessorImpl.java:45)
at java.lang.reflect.Constructor.newInstance(Constructor.java:423)
at org.openqa.selenium.remote.codec.w3c.W3CHttpResponseCodec.createException(W3CHttpResponseCodec.java:200)
at org.openqa.selenium.remote.codec.w3c.W3CHttpResponseCodec.decode(W3CHttpResponseCodec.java:133)
at org.openqa.selenium.remote.codec.w3c.W3CHttpResponseCodec.decode(W3CHttpResponseCodec.java:53)
at org.openqa.selenium.remote.HttpCommandExecutor.execute(HttpCommandExecutor.java:184)
at org.openqa.selenium.remote.service.DriverCommandExecutor.invokeExecute(DriverCommandExecutor.java:164)
at org.openqa.selenium.remote.service.DriverCommandExecutor.execute(DriverCommandExecutor.java:139)
at org.openqa.selenium.remote.RemoteWebDriver.execute(RemoteWebDriver.java:559)
at org.openqa.selenium.remote.RemoteWebElement.execute(RemoteWebElement.java:251)
at org.openqa.selenium.remote.RemoteWebElement.click(RemoteWebElement.java:77)
at com.BaseClass.BaseClass.FindElementByXpath_Click(BaseClass.java:138)
at com.BaseClass.BaseClass.Menu_AssociationManagement(BaseClass.java:81)
at com.RDCD_Coop.Create_Central_Shomiti.NameClearance(Create_Central_Shomiti.java:85)
at sun.reflect.NativeMethodAccessorImpl.invoke0(Native Method)
at sun.reflect.NativeMethodAccessorImpl.invoke(NativeMethodAccessorImpl.java:62)
at sun.reflect.DelegatingMethodAccessorImpl.invoke(DelegatingMethodAccessorImpl.java:43)
at java.lang.reflect.Method.invoke(Method.java:498)
at org.testng.internal.invokers.MethodInvocationHelper.invokeMethod(MethodInvocationHelper.java:135)
at org.testng.internal.invokers.TestInvoker.invokeMethod(TestInvoker.java:673)
at org.testng.internal.invokers.TestInvoker.invokeTestMethod(TestInvoker.java:220)
at org.testng.internal.invokers.MethodRunner.runInSequence(MethodRunner.java:50)
at org.testng.internal.invokers.TestInvoker$MethodInvocationAgent.invoke(TestInvoker.java:945)
at org.testng.internal.invokers.TestInvoker.invokeTestMethods(TestInvoker.java:193)
at org.testng.internal.invokers.TestMethodWorker.invokeTestMethods(TestMethodWorker.java:146)
at org.testng.internal.invokers.TestMethodWorker.run(TestMethodWorker.java:128)
at java.util.ArrayList.forEach(ArrayList.java:1257)
at org.testng.TestRunner.privateRun(TestRunner.java:808)
at org.testng.TestRunner.run(TestRunner.java:603)
at org.testng.SuiteRunner.runTest(SuiteRunner.java:429)
at org.testng.SuiteRunner.runSequentially(SuiteRunner.java:423)
at org.testng.SuiteRunner.privateRun(SuiteRunner.java:383)
at org.testng.SuiteRunner.run(SuiteRunner.java:326)
at org.testng.SuiteRunnerWorker.runSuite(SuiteRunnerWorker.java:52)
at org.testng.SuiteRunnerWorker.run(SuiteRunnerWorker.java:95)
at org.testng.TestNG.runSuitesSequentially(TestNG.java:1249)
at org.testng.TestNG.runSuitesLocally(TestNG.java:1169)
at org.testng.TestNG.runSuites(TestNG.java:1092)
at org.testng.TestNG.run(TestNG.java:1060)
at com.intellij.rt.testng.IDEARemoteTestNG.run(IDEARemoteTestNG.java:66)
at com.intellij.rt.testng.RemoteTestNGStarter.main(RemoteTestNGStarter.java:109)
]]>
            </full-stacktrace>
          </exception> <!-- org.openqa.selenium.ElementNotInteractableException -->
          <reporter-output>
          </reporter-output>
        </test-method> <!-- NameClearance -->
        <test-method status="SKIP" signature="NameClearance()[pri:2, instance:com.RDCD_Coop.Create_Central_Shomiti@35beb15e]" name="NameClearance" duration-ms="2355" retried="true" started-at="2022-09-15T16:32:20 BDT" description="This is for name clearance scenario" finished-at="2022-09-15T16:32:23 BDT">
          <exception class="org.openqa.selenium.ElementNotInteractableException">
            <message>
              <![CDATA[Element <span class="MuiTypography-root MuiTypography-body1 MuiListItemText-primary css-yb0lig"> could not be scrolled into view
Build info: version: '4.0.0', revision: '3a21814679'
System info: host: 'MUSTAFIZUR-RAHM', ip: '10.11.200.160', os.name: 'Windows 10', os.arch: 'amd64', os.version: '10.0', java.version: '1.8.0_171'
Driver info: org.openqa.selenium.firefox.FirefoxDriver
Command: [cfa7adef-a09b-450a-ae11-82fa65d7cf40, clickElement {id=22e168cf-271e-48c6-8224-c24a00cd8fc1}]
Capabilities {acceptInsecureCerts: true, browserName: firefox, browserVersion: 104.0.2, javascriptEnabled: true, moz:accessibilityChecks: false, moz:buildID: 20220902153754, moz:debuggerAddress: localhost:65184, moz:geckodriverVersion: 0.31.0, moz:headless: false, moz:platformVersion: 10.0, moz:processID: 15760, moz:profile: C:\Users\tariq\AppData\Loca..., moz:shutdownTimeout: 60000, moz:useNonSpecCompliantPointerOrigin: false, moz:webdriverClick: true, moz:windowless: false, pageLoadStrategy: normal, platform: WINDOWS, platformName: WINDOWS, proxy: Proxy(), se:cdp: ws://localhost:65184/devtoo..., se:cdpVersion: 85, setWindowRect: true, strictFileInteractability: false, timeouts: {implicit: 0, pageLoad: 300000, script: 30000}, unhandledPromptBehavior: dismiss and notify}
Element: [[FirefoxDriver: firefox on WINDOWS (cfa7adef-a09b-450a-ae11-82fa65d7cf40)] -> xpath: //span[text()='নেম ক্লিয়ারেন্স']]
Session ID: cfa7adef-a09b-450a-ae11-82fa65d7cf40]]>
            </message>
            <full-stacktrace>
              <![CDATA[org.openqa.selenium.ElementNotInteractableException: Element <span class="MuiTypography-root MuiTypography-body1 MuiListItemText-primary css-yb0lig"> could not be scrolled into view
Build info: version: '4.0.0', revision: '3a21814679'
System info: host: 'MUSTAFIZUR-RAHM', ip: '10.11.200.160', os.name: 'Windows 10', os.arch: 'amd64', os.version: '10.0', java.version: '1.8.0_171'
Driver info: org.openqa.selenium.firefox.FirefoxDriver
Command: [cfa7adef-a09b-450a-ae11-82fa65d7cf40, clickElement {id=22e168cf-271e-48c6-8224-c24a00cd8fc1}]
Capabilities {acceptInsecureCerts: true, browserName: firefox, browserVersion: 104.0.2, javascriptEnabled: true, moz:accessibilityChecks: false, moz:buildID: 20220902153754, moz:debuggerAddress: localhost:65184, moz:geckodriverVersion: 0.31.0, moz:headless: false, moz:platformVersion: 10.0, moz:processID: 15760, moz:profile: C:\Users\tariq\AppData\Loca..., moz:shutdownTimeout: 60000, moz:useNonSpecCompliantPointerOrigin: false, moz:webdriverClick: true, moz:windowless: false, pageLoadStrategy: normal, platform: WINDOWS, platformName: WINDOWS, proxy: Proxy(), se:cdp: ws://localhost:65184/devtoo..., se:cdpVersion: 85, setWindowRect: true, strictFileInteractability: false, timeouts: {implicit: 0, pageLoad: 300000, script: 30000}, unhandledPromptBehavior: dismiss and notify}
Element: [[FirefoxDriver: firefox on WINDOWS (cfa7adef-a09b-450a-ae11-82fa65d7cf40)] -> xpath: //span[text()='নেম ক্লিয়ারেন্স']]
Session ID: cfa7adef-a09b-450a-ae11-82fa65d7cf40
at sun.reflect.NativeConstructorAccessorImpl.newInstance0(Native Method)
at sun.reflect.NativeConstructorAccessorImpl.newInstance(NativeConstructorAccessorImpl.java:62)
at sun.reflect.DelegatingConstructorAccessorImpl.newInstance(DelegatingConstructorAccessorImpl.java:45)
at java.lang.reflect.Constructor.newInstance(Constructor.java:423)
at org.openqa.selenium.remote.codec.w3c.W3CHttpResponseCodec.createException(W3CHttpResponseCodec.java:200)
at org.openqa.selenium.remote.codec.w3c.W3CHttpResponseCodec.decode(W3CHttpResponseCodec.java:133)
at org.openqa.selenium.remote.codec.w3c.W3CHttpResponseCodec.decode(W3CHttpResponseCodec.java:53)
at org.openqa.selenium.remote.HttpCommandExecutor.execute(HttpCommandExecutor.java:184)
at org.openqa.selenium.remote.service.DriverCommandExecutor.invokeExecute(DriverCommandExecutor.java:164)
at org.openqa.selenium.remote.service.DriverCommandExecutor.execute(DriverCommandExecutor.java:139)
at org.openqa.selenium.remote.RemoteWebDriver.execute(RemoteWebDriver.java:559)
at org.openqa.selenium.remote.RemoteWebElement.execute(RemoteWebElement.java:251)
at org.openqa.selenium.remote.RemoteWebElement.click(RemoteWebElement.java:77)
at com.BaseClass.BaseClass.FindElementByXpath_Click(BaseClass.java:138)
at com.BaseClass.BaseClass.Menu_AssociationManagement(BaseClass.java:81)
at com.RDCD_Coop.Create_Central_Shomiti.NameClearance(Create_Central_Shomiti.java:85)
at sun.reflect.NativeMethodAccessorImpl.invoke0(Native Method)
at sun.reflect.NativeMethodAccessorImpl.invoke(NativeMethodAccessorImpl.java:62)
at sun.reflect.DelegatingMethodAccessorImpl.invoke(DelegatingMethodAccessorImpl.java:43)
at java.lang.reflect.Method.invoke(Method.java:498)
at org.testng.internal.invokers.MethodInvocationHelper.invokeMethod(MethodInvocationHelper.java:135)
at org.testng.internal.invokers.TestInvoker.invokeMethod(TestInvoker.java:673)
at org.testng.internal.invokers.TestInvoker.retryFailed(TestInvoker.java:262)
at org.testng.internal.invokers.MethodRunner.runInSequence(MethodRunner.java:62)
at org.testng.internal.invokers.TestInvoker$MethodInvocationAgent.invoke(TestInvoker.java:945)
at org.testng.internal.invokers.TestInvoker.invokeTestMethods(TestInvoker.java:193)
at org.testng.internal.invokers.TestMethodWorker.invokeTestMethods(TestMethodWorker.java:146)
at org.testng.internal.invokers.TestMethodWorker.run(TestMethodWorker.java:128)
at java.util.ArrayList.forEach(ArrayList.java:1257)
at org.testng.TestRunner.privateRun(TestRunner.java:808)
at org.testng.TestRunner.run(TestRunner.java:603)
at org.testng.SuiteRunner.runTest(SuiteRunner.java:429)
at org.testng.SuiteRunner.runSequentially(SuiteRunner.java:423)
at org.testng.SuiteRunner.privateRun(SuiteRunner.java:383)
at org.testng.SuiteRunner.run(SuiteRunner.java:326)
at org.testng.SuiteRunnerWorker.runSuite(SuiteRunnerWorker.java:52)
at org.testng.SuiteRunnerWorker.run(SuiteRunnerWorker.java:95)
at org.testng.TestNG.runSuitesSequentially(TestNG.java:1249)
at org.testng.TestNG.runSuitesLocally(TestNG.java:1169)
at org.testng.TestNG.runSuites(TestNG.java:1092)
at org.testng.TestNG.run(TestNG.java:1060)
at com.intellij.rt.testng.IDEARemoteTestNG.run(IDEARemoteTestNG.java:66)
at com.intellij.rt.testng.RemoteTestNGStarter.main(RemoteTestNGStarter.java:109)
]]>
            </full-stacktrace>
          </exception> <!-- org.openqa.selenium.ElementNotInteractableException -->
          <reporter-output>
          </reporter-output>
        </test-method> <!-- NameClearance -->
        <test-method status="PASS" signature="NameClearance()[pri:2, instance:com.RDCD_Coop.Create_Central_Shomiti@35beb15e]" name="NameClearance" duration-ms="39187" started-at="2022-09-15T16:32:23 BDT" description="This is for name clearance scenario" finished-at="2022-09-15T16:33:02 BDT">
          <reporter-output>
          </reporter-output>
        </test-method> <!-- NameClearance -->
        <test-method status="PASS" signature="NameClearance_Approve()[pri:3, instance:com.RDCD_Coop.Create_Central_Shomiti@35beb15e]" name="NameClearance_Approve" duration-ms="54824" started-at="2022-09-15T16:33:02 BDT" description="This is shomiti name clearance approve scenario" finished-at="2022-09-15T16:33:57 BDT">
          <reporter-output>
          </reporter-output>
        </test-method> <!-- NameClearance_Approve -->
        <test-method status="PASS" signature="PrathomikTottho()[pri:4, instance:com.RDCD_Coop.Create_Central_Shomiti@35beb15e]" name="PrathomikTottho" duration-ms="68222" started-at="2022-09-15T16:33:57 BDT" description="This is for shomiti create(Prathomik Tottho) scenario" finished-at="2022-09-15T16:35:05 BDT">
          <reporter-output>
          </reporter-output>
        </test-method> <!-- PrathomikTottho -->
        <test-method status="PASS" signature="Lokkho_Uddessho()[pri:5, instance:com.RDCD_Coop.Create_Central_Shomiti@35beb15e]" name="Lokkho_Uddessho" duration-ms="12290" started-at="2022-09-15T16:35:05 BDT" description="This is for shomiti create(Lokkho o Uddessho) scenario" finished-at="2022-09-15T16:35:17 BDT">
          <reporter-output>
          </reporter-output>
        </test-method> <!-- Lokkho_Uddessho -->
        <test-method status="PASS" signature="Close()[pri:0, instance:com.RDCD_Coop.Create_Central_Shomiti@35beb15e]" name="Close" is-config="true" duration-ms="4244" started-at="2022-09-15T16:35:18 BDT" finished-at="2022-09-15T16:35:22 BDT">
          <reporter-output>
          </reporter-output>
        </test-method> <!-- Close -->
      </class> <!-- com.RDCD_Coop.Create_Central_Shomiti -->
    </test> <!-- test -->
  </suite> <!-- All Test Suite -->
</testng-results>
