<?xml version="1.0" encoding="UTF-8"?>
<!-- Generated by org.testng.reporters.JUnitReportReporter -->
<testsuite skipped="3" hostname="Mustafizur-Rahman" name="com.RDCD_Coop.Create_Shomiti_Dev" tests="21" failures="0" timestamp="2022-09-14T12:20:25 BDT" time="856.701" errors="1">
  <testcase name="Login" time="17.106" classname="com.RDCD_Coop.Create_Shomiti_Dev"/>
  <system-out/>
  <testcase name="NameClearance" time="27.347" classname="com.RDCD_Coop.Create_Shomiti_Dev"/>
  <system-out/>
  <testcase name="NameClearance_Approve" time="51.757" classname="com.RDCD_Coop.Create_Shomiti_Dev"/>
  <system-out/>
  <testcase name="PrathomikTottho" time="69.462" classname="com.RDCD_Coop.Create_Shomiti_Dev"/>
  <system-out/>
  <testcase name="Lokkho_Uddessho" time="12.333" classname="com.RDCD_Coop.Create_Shomiti_Dev"/>
  <system-out/>
  <testcase name="Sodossho_Nibondhon" time="56.430" classname="com.RDCD_Coop.Create_Shomiti_Dev"/>
  <system-out/>
  <testcase name="Sodossho_Nibondhon" time="56.359" classname="com.RDCD_Coop.Create_Shomiti_Dev"/>
  <system-out/>
  <testcase name="Sodossho_Nibondhon" time="55.850" classname="com.RDCD_Coop.Create_Shomiti_Dev"/>
  <system-out/>
  <testcase name="Sodossho_Nibondhon" time="56.741" classname="com.RDCD_Coop.Create_Shomiti_Dev"/>
  <system-out/>
  <testcase name="Sodossho_Nibondhon" time="60.185" classname="com.RDCD_Coop.Create_Shomiti_Dev"/>
  <system-out/>
  <testcase name="Sodossho_Nibondhon" time="58.615" classname="com.RDCD_Coop.Create_Shomiti_Dev"/>
  <system-out/>
  <testcase name="Committee_Bebosthapona" time="48.622" classname="com.RDCD_Coop.Create_Shomiti_Dev"/>
  <system-out/>
  <testcase name="Arthik_Totthadi" time="25.857" classname="com.RDCD_Coop.Create_Shomiti_Dev"/>
  <system-out/>
  <testcase name="Shomiti_Budget" time="93.161" classname="com.RDCD_Coop.Create_Shomiti_Dev"/>
  <system-out/>
  <testcase name="Shomitir_Aay_Beey" time="36.455" classname="com.RDCD_Coop.Create_Shomiti_Dev"/>
  <system-out/>
  <testcase name="Kagoj_Potradi" time="31.118" classname="com.RDCD_Coop.Create_Shomiti_Dev"/>
  <system-out/>
  <testcase name="Churanto_Data_Somuho" time="36.056" classname="com.RDCD_Coop.Create_Shomiti_Dev"/>
  <system-out/>
  <testcase name="Shomiti_Approval" time="2.252" classname="com.RDCD_Coop.Create_Shomiti_Dev">
    <skipped/>
  </testcase> <!-- Shomiti_Approval -->
  <system-out/>
  <testcase name="Shomiti_Approval" time="58.973" classname="com.RDCD_Coop.Create_Shomiti_Dev">
    <skipped/>
  </testcase> <!-- Shomiti_Approval -->
  <system-out/>
  <testcase name="Shomiti_Approval" time="2.022" classname="com.RDCD_Coop.Create_Shomiti_Dev">
    <error type="org.openqa.selenium.NoSuchElementException" message="Unable to locate element: //span[text()=&#039;অনুমোদন&#039;]
For documentation on this error, please visit: https://selenium.dev/exceptions/#no_such_element
Build info: version: &#039;4.0.0&#039;, revision: &#039;3a21814679&#039;
System info: host: &#039;MUSTAFIZUR-RAHM&#039;, ip: &#039;10.11.200.160&#039;, os.name: &#039;Windows 10&#039;, os.arch: &#039;amd64&#039;, os.version: &#039;10.0&#039;, java.version: &#039;1.8.0_171&#039;
Driver info: org.openqa.selenium.firefox.FirefoxDriver
Command: [54a83973-b9c9-4749-9534-71e1d29eb341, findElement {using=xpath, value=//span[text()=&#039;অনুমোদন&#039;]}]
Capabilities {acceptInsecureCerts: true, browserName: firefox, browserVersion: 104.0.2, javascriptEnabled: true, moz:accessibilityChecks: false, moz:buildID: 20220902153754, moz:debuggerAddress: localhost:63480, moz:geckodriverVersion: 0.31.0, moz:headless: false, moz:platformVersion: 10.0, moz:processID: 4908, moz:profile: C:\Users\tariq\AppData\Loca..., moz:shutdownTimeout: 60000, moz:useNonSpecCompliantPointerOrigin: false, moz:webdriverClick: true, moz:windowless: false, pageLoadStrategy: normal, platform: WINDOWS, platformName: WINDOWS, proxy: Proxy(), se:cdp: ws://localhost:63480/devtoo..., se:cdpVersion: 85, setWindowRect: true, strictFileInteractability: false, timeouts: {implicit: 0, pageLoad: 300000, script: 30000}, unhandledPromptBehavior: dismiss and notify}
Session ID: 54a83973-b9c9-4749-9534-71e1d29eb341">
      <![CDATA[org.openqa.selenium.NoSuchElementException: Unable to locate element: //span[text()='অনুমোদন']
For documentation on this error, please visit: https://selenium.dev/exceptions/#no_such_element
Build info: version: '4.0.0', revision: '3a21814679'
System info: host: 'MUSTAFIZUR-RAHM', ip: '10.11.200.160', os.name: 'Windows 10', os.arch: 'amd64', os.version: '10.0', java.version: '1.8.0_171'
Driver info: org.openqa.selenium.firefox.FirefoxDriver
Command: [54a83973-b9c9-4749-9534-71e1d29eb341, findElement {using=xpath, value=//span[text()='অনুমোদন']}]
Capabilities {acceptInsecureCerts: true, browserName: firefox, browserVersion: 104.0.2, javascriptEnabled: true, moz:accessibilityChecks: false, moz:buildID: 20220902153754, moz:debuggerAddress: localhost:63480, moz:geckodriverVersion: 0.31.0, moz:headless: false, moz:platformVersion: 10.0, moz:processID: 4908, moz:profile: C:\Users\tariq\AppData\Loca..., moz:shutdownTimeout: 60000, moz:useNonSpecCompliantPointerOrigin: false, moz:webdriverClick: true, moz:windowless: false, pageLoadStrategy: normal, platform: WINDOWS, platformName: WINDOWS, proxy: Proxy(), se:cdp: ws://localhost:63480/devtoo..., se:cdpVersion: 85, setWindowRect: true, strictFileInteractability: false, timeouts: {implicit: 0, pageLoad: 300000, script: 30000}, unhandledPromptBehavior: dismiss and notify}
Session ID: 54a83973-b9c9-4749-9534-71e1d29eb341
at sun.reflect.NativeConstructorAccessorImpl.newInstance0(Native Method)
at sun.reflect.NativeConstructorAccessorImpl.newInstance(NativeConstructorAccessorImpl.java:62)
at sun.reflect.DelegatingConstructorAccessorImpl.newInstance(DelegatingConstructorAccessorImpl.java:45)
at java.lang.reflect.Constructor.newInstance(Constructor.java:423)
at org.openqa.selenium.remote.codec.w3c.W3CHttpResponseCodec.createException(W3CHttpResponseCodec.java:200)
at org.openqa.selenium.remote.codec.w3c.W3CHttpResponseCodec.decode(W3CHttpResponseCodec.java:133)
at org.openqa.selenium.remote.codec.w3c.W3CHttpResponseCodec.decode(W3CHttpResponseCodec.java:53)
at org.openqa.selenium.remote.HttpCommandExecutor.execute(HttpCommandExecutor.java:184)
at org.openqa.selenium.remote.service.DriverCommandExecutor.invokeExecute(DriverCommandExecutor.java:164)
at org.openqa.selenium.remote.service.DriverCommandExecutor.execute(DriverCommandExecutor.java:139)
at org.openqa.selenium.remote.RemoteWebDriver.execute(RemoteWebDriver.java:559)
at org.openqa.selenium.remote.ElementLocation$ElementFinder$2.findElement(ElementLocation.java:162)
at org.openqa.selenium.remote.ElementLocation.findElement(ElementLocation.java:60)
at org.openqa.selenium.remote.RemoteWebDriver.findElement(RemoteWebDriver.java:383)
at org.openqa.selenium.remote.RemoteWebDriver.findElement(RemoteWebDriver.java:375)
at com.BaseClass.BaseClass.FindElementByXpath_Click(BaseClass.java:138)
at com.BaseClass.BaseClass.Menu_Approve(BaseClass.java:110)
at com.RDCD_Coop.Create_Shomiti_Dev.Shomiti_Approval(Create_Shomiti_Dev.java:898)
at sun.reflect.NativeMethodAccessorImpl.invoke0(Native Method)
at sun.reflect.NativeMethodAccessorImpl.invoke(NativeMethodAccessorImpl.java:62)
at sun.reflect.DelegatingMethodAccessorImpl.invoke(DelegatingMethodAccessorImpl.java:43)
at java.lang.reflect.Method.invoke(Method.java:498)
at org.testng.internal.invokers.MethodInvocationHelper.invokeMethod(MethodInvocationHelper.java:135)
at org.testng.internal.invokers.TestInvoker.invokeMethod(TestInvoker.java:673)
at org.testng.internal.invokers.TestInvoker.retryFailed(TestInvoker.java:262)
at org.testng.internal.invokers.MethodRunner.runInSequence(MethodRunner.java:62)
at org.testng.internal.invokers.TestInvoker$MethodInvocationAgent.invoke(TestInvoker.java:945)
at org.testng.internal.invokers.TestInvoker.invokeTestMethods(TestInvoker.java:193)
at org.testng.internal.invokers.TestMethodWorker.invokeTestMethods(TestMethodWorker.java:146)
at org.testng.internal.invokers.TestMethodWorker.run(TestMethodWorker.java:128)
at java.util.ArrayList.forEach(ArrayList.java:1257)
at org.testng.TestRunner.privateRun(TestRunner.java:808)
at org.testng.TestRunner.run(TestRunner.java:603)
at org.testng.SuiteRunner.runTest(SuiteRunner.java:429)
at org.testng.SuiteRunner.runSequentially(SuiteRunner.java:423)
at org.testng.SuiteRunner.privateRun(SuiteRunner.java:383)
at org.testng.SuiteRunner.run(SuiteRunner.java:326)
at org.testng.SuiteRunnerWorker.runSuite(SuiteRunnerWorker.java:52)
at org.testng.SuiteRunnerWorker.run(SuiteRunnerWorker.java:95)
at org.testng.TestNG.runSuitesSequentially(TestNG.java:1249)
at org.testng.TestNG.runSuitesLocally(TestNG.java:1169)
at org.testng.TestNG.runSuites(TestNG.java:1092)
at org.testng.TestNG.run(TestNG.java:1060)
at com.intellij.rt.testng.IDEARemoteTestNG.run(IDEARemoteTestNG.java:66)
at com.intellij.rt.testng.RemoteTestNGStarter.main(RemoteTestNGStarter.java:109)
]]>
    </error>
  </testcase> <!-- Shomiti_Approval -->
  <system-out/>
  <testcase name="SSO_Login" classname="com.RDCD_Coop.Create_Shomiti_Dev">
    <skipped/>
  </testcase> <!-- SSO_Login -->
  <system-out/>
</testsuite> <!-- com.RDCD_Coop.Create_Shomiti_Dev -->
